09:40:57.632 [main] WARN  o.m.s.mapper.ClassPathMapperScanner - No MyBatis mapper was found in '[com.appmonitor.apprestatpic.action, com.appmonitor.appstatemonitor.action, com]' package. Please check your configuration. 
09:41:03.524 [main] INFO  o.a.catalina.core.StandardService - Starting service Tomcat 
09:41:03.526 [main] INFO  o.a.catalina.core.StandardEngine - Starting Servlet Engine: Apache Tomcat/8.5.11 
09:41:03.850 [localhost-startStop-1] INFO  o.a.c.c.C.[Tomcat].[localhost].[/] - Initializing Spring embedded WebApplicationContext 
09:41:12.373 [main] WARN  c.n.c.s.URLConfigurationSource - No URLs will be polled as dynamic configuration sources. 
09:41:12.373 [main] WARN  c.n.c.s.URLConfigurationSource - No URLs will be polled as dynamic configuration sources. 
09:41:12.393 [main] WARN  c.n.c.s.URLConfigurationSource - No URLs will be polled as dynamic configuration sources. 
09:41:12.393 [main] WARN  c.n.c.s.URLConfigurationSource - No URLs will be polled as dynamic configuration sources. 
11:37:51.541 [main] WARN  o.m.s.mapper.ClassPathMapperScanner - No MyBatis mapper was found in '[com.appmonitor.apprestatpic.action, com.appmonitor.appstatemonitor.action, com]' package. Please check your configuration. 
11:37:56.984 [main] INFO  o.a.catalina.core.StandardService - Starting service Tomcat 
11:37:56.999 [main] INFO  o.a.catalina.core.StandardEngine - Starting Servlet Engine: Apache Tomcat/8.5.11 
11:37:57.682 [localhost-startStop-1] INFO  o.a.c.c.C.[Tomcat].[localhost].[/] - Initializing Spring embedded WebApplicationContext 
11:38:02.912 [main] WARN  c.n.c.s.URLConfigurationSource - No URLs will be polled as dynamic configuration sources. 
11:38:02.912 [main] WARN  c.n.c.s.URLConfigurationSource - No URLs will be polled as dynamic configuration sources. 
11:38:02.927 [main] WARN  c.n.c.s.URLConfigurationSource - No URLs will be polled as dynamic configuration sources. 
11:38:02.927 [main] WARN  c.n.c.s.URLConfigurationSource - No URLs will be polled as dynamic configuration sources. 
15:01:37.911 [pool-5-thread-4] INFO  o.a.http.impl.execchain.RetryExec - I/O exception (org.apache.http.NoHttpResponseException) caught when processing request to {}->http://pccz.court.gov.cn:80: The target server failed to respond 
15:01:37.927 [pool-5-thread-4] INFO  o.a.http.impl.execchain.RetryExec - Retrying request to {}->http://pccz.court.gov.cn:80 
15:02:13.899 [pool-5-thread-2] INFO  o.a.http.impl.execchain.RetryExec - I/O exception (org.apache.http.NoHttpResponseException) caught when processing request to {}->http://ssfw.court.gov.cn:80: The target server failed to respond 
15:02:13.899 [pool-5-thread-2] INFO  o.a.http.impl.execchain.RetryExec - Retrying request to {}->http://ssfw.court.gov.cn:80 
15:35:29.966 [pool-6-thread-5] INFO  o.a.http.impl.execchain.RetryExec - I/O exception (java.net.SocketException) caught when processing request to {}->http://111.205.123.183:2808: Software caused connection abort: socket write error 
15:35:29.981 [pool-6-thread-5] INFO  o.a.http.impl.execchain.RetryExec - Retrying request to {}->http://111.205.123.183:2808 
15:35:52.925 [main] WARN  o.m.s.mapper.ClassPathMapperScanner - No MyBatis mapper was found in '[com.appmonitor.apprestatpic.action, com.appmonitor.appstatemonitor.action, com]' package. Please check your configuration. 
15:35:57.801 [main] INFO  o.a.catalina.core.StandardService - Starting service Tomcat 
15:35:57.816 [main] INFO  o.a.catalina.core.StandardEngine - Starting Servlet Engine: Apache Tomcat/8.5.11 
15:35:58.035 [localhost-startStop-1] INFO  o.a.c.c.C.[Tomcat].[localhost].[/] - Initializing Spring embedded WebApplicationContext 
15:36:02.457 [main] WARN  c.n.c.s.URLConfigurationSource - No URLs will be polled as dynamic configuration sources. 
15:36:02.457 [main] WARN  c.n.c.s.URLConfigurationSource - No URLs will be polled as dynamic configuration sources. 
15:36:02.473 [main] WARN  c.n.c.s.URLConfigurationSource - No URLs will be polled as dynamic configuration sources. 
15:36:02.473 [main] WARN  c.n.c.s.URLConfigurationSource - No URLs will be polled as dynamic configuration sources. 
17:47:29.768 [main] WARN  o.m.s.mapper.ClassPathMapperScanner - No MyBatis mapper was found in '[com.appmonitor.apprestatpic.action, com.appmonitor.appstatemonitor.action, com]' package. Please check your configuration. 
17:47:35.275 [main] INFO  o.a.catalina.core.StandardService - Starting service Tomcat 
17:47:35.278 [main] INFO  o.a.catalina.core.StandardEngine - Starting Servlet Engine: Apache Tomcat/8.5.11 
17:47:35.565 [localhost-startStop-1] INFO  o.a.c.c.C.[Tomcat].[localhost].[/] - Initializing Spring embedded WebApplicationContext 
17:47:45.153 [main] WARN  c.n.c.s.URLConfigurationSource - No URLs will be polled as dynamic configuration sources. 
17:47:45.153 [main] WARN  c.n.c.s.URLConfigurationSource - No URLs will be polled as dynamic configuration sources. 
17:47:45.194 [main] WARN  c.n.c.s.URLConfigurationSource - No URLs will be polled as dynamic configuration sources. 
17:47:45.194 [main] WARN  c.n.c.s.URLConfigurationSource - No URLs will be polled as dynamic configuration sources. 
